<?xml version="1.0" encoding="UTF-8"?>
<testsuite name="com.phonebook.tests.LoginTests" tests="1" skipped="0" failures="0" errors="0" timestamp="2024-03-04T10:49:20" hostname="DESKTOP-OS617JJ" time="2.204">
  <properties/>
  <testcase name="loginPositiveTest" classname="com.phonebook.tests.LoginTests" time="2.204"/>
  <system-out><![CDATA[11:49:20.615 [Test worker] INFO  com.phonebook.tests.TestBase -- Start testloginPositiveTest with data: []
11:49:22.871 [Test worker] INFO  com.phonebook.tests.TestBase -- PassedloginPositiveTest
11:49:22.873 [Test worker] INFO  com.phonebook.tests.TestBase -- Stop test
11:49:22.874 [Test worker] INFO  com.phonebook.tests.TestBase -- _____________________________________________
]]></system-out>
  <system-err><![CDATA[]]></system-err>
</testsuite>
